{"name":"fillInDetails","status":"skipped","statusDetails":{"known":false,"muted":false,"flaky":false,"message":"java.lang.ArrayIndexOutOfBoundsException: Index 5 out of bounds for length 5","trace":"java.lang.RuntimeException: java.lang.ArrayIndexOutOfBoundsException: Index 5 out of bounds for length 5\n\tat org.testng.internal.MethodInvocationHelper.invokeMethodNoCheckedException(MethodInvocationHelper.java:49)\n\tat org.testng.internal.MethodInvocationHelper.invokeDataProvider(MethodInvocationHelper.java:131)\n\tat org.testng.internal.Parameters.handleParameters(Parameters.java:706)\n\tat org.testng.internal.ParameterHandler.handleParameters(ParameterHandler.java:49)\n\tat org.testng.internal.ParameterHandler.createParameters(ParameterHandler.java:37)\n\tat org.testng.internal.Invoker.invokeTestMethods(Invoker.java:924)\n\tat org.testng.internal.TestMethodWorker.invokeTestMethods(TestMethodWorker.java:125)\n\tat org.testng.internal.TestMethodWorker.run(TestMethodWorker.java:109)\n\tat org.testng.TestRunner.privateRun(TestRunner.java:648)\n\tat org.testng.TestRunner.run(TestRunner.java:505)\n\tat org.testng.SuiteRunner.runTest(SuiteRunner.java:455)\n\tat org.testng.SuiteRunner.runSequentially(SuiteRunner.java:450)\n\tat org.testng.SuiteRunner.privateRun(SuiteRunner.java:415)\n\tat org.testng.SuiteRunner.run(SuiteRunner.java:364)\n\tat org.testng.SuiteRunnerWorker.runSuite(SuiteRunnerWorker.java:52)\n\tat org.testng.SuiteRunnerWorker.run(SuiteRunnerWorker.java:84)\n\tat org.testng.TestNG.runSuitesSequentially(TestNG.java:1208)\n\tat org.testng.TestNG.runSuitesLocally(TestNG.java:1137)\n\tat org.testng.TestNG.runSuites(TestNG.java:1049)\n\tat org.testng.TestNG.run(TestNG.java:1017)\n\tat com.intellij.rt.testng.IDEARemoteTestNG.run(IDEARemoteTestNG.java:66)\n\tat com.intellij.rt.testng.RemoteTestNGStarter.main(RemoteTestNGStarter.java:109)\nCaused by: java.lang.ArrayIndexOutOfBoundsException: Index 5 out of bounds for length 5\n\tat com.qa.OpenCart.Utils.ExcelUtil.getTestData(ExcelUtil.java:26)\n\tat com.qa.OpenCart.Tests.RegistrationPageTest.getRegisterData(RegistrationPageTest.java:20)\n\tat java.base/jdk.internal.reflect.NativeMethodAccessorImpl.invoke0(Native Method)\n\tat java.base/jdk.internal.reflect.NativeMethodAccessorImpl.invoke(NativeMethodAccessorImpl.java:64)\n\tat java.base/jdk.internal.reflect.DelegatingMethodAccessorImpl.invoke(DelegatingMethodAccessorImpl.java:43)\n\tat java.base/java.lang.reflect.Method.invoke(Method.java:564)\n\tat org.testng.internal.MethodInvocationHelper.invokeMethod(MethodInvocationHelper.java:124)\n\tat org.testng.internal.MethodInvocationHelper.invokeMethod(MethodInvocationHelper.java:74)\n\tat org.testng.internal.MethodInvocationHelper.invokeMethodNoCheckedException(MethodInvocationHelper.java:45)\n\t... 21 more\n"},"stage":"finished","steps":[],"attachments":[],"parameters":[],"start":1638510925549,"stop":1638510925551,"uuid":"1fd44d0a-7b8d-438d-89e7-3b23ad342361","historyId":"155e9988057e348980b3169af1adb8bf","fullName":"com.qa.OpenCart.Tests.RegistrationPageTest.fillInDetails","labels":[{"name":"package","value":"com.qa.OpenCart.Tests.RegistrationPageTest"},{"name":"testClass","value":"com.qa.OpenCart.Tests.RegistrationPageTest"},{"name":"testMethod","value":"fillInDetails"},{"name":"parentSuite","value":"Default Suite"},{"name":"suite","value":"Nov2021POMStudies"},{"name":"subSuite","value":"com.qa.OpenCart.Tests.RegistrationPageTest"},{"name":"host","value":"DV-100871"},{"name":"thread","value":"91438@DV-100871.main(1)"},{"name":"framework","value":"testng"},{"name":"language","value":"java"}],"links":[]}